#
# There is insufficient memory for the Java Runtime Environment to continue.
# Native memory allocation (mmap) failed to map 268435456 bytes for G1 virtual space
# Possible reasons:
#   The system is out of physical RAM or swap space
#   The process is running with CompressedOops enabled, and the Java Heap may be blocking the growth of the native heap
# Possible solutions:
#   Reduce memory load on the system
#   Increase physical memory or swap space
#   Check if swap backing store is full
#   Decrease Java heap size (-Xmx/-Xms)
#   Decrease number of Java threads
#   Decrease Java thread stack sizes (-Xss)
#   Set larger code cache with -XX:ReservedCodeCacheSize=
#   JVM is running with Zero Based Compressed Oops mode in which the Java heap is
#     placed in the first 32GB address space. The Java Heap base address is the
#     maximum limit for the native heap growth. Please use -XX:HeapBaseMinAddress
#     to set the Java Heap base and to place the Java Heap above 32GB virtual address.
# This output file may be truncated or incomplete.
#
#  Out of Memory Error (./open/src/hotspot/os/windows/os_windows.cpp:3321), pid=23100, tid=23148
#
# JRE version:  (15.0.2+7) (build )
# Java VM: Java HotSpot(TM) 64-Bit Server VM (15.0.2+7-27, mixed mode, sharing, tiered, compressed oops, g1 gc, windows-amd64)
# No core dump will be written. Minidumps are not enabled by default on client versions of Windows
#

---------------  S U M M A R Y ------------

Command Line: --module-path=D:\javafx-sdk-11.0.2\lib --add-modules=javafx.controls,javafx.graphics,javafx.media,javafx.fxml -Dfile.encoding=Cp1252 -XX:+ShowCodeDetailsInExceptionMessages application.Main

Host: Intel(R) Core(TM) i5-4460  CPU @ 3.20GHz, 4 cores, 15G,  Windows 10 , 64 bit Build 18362 (10.0.18362.1350)
Time: Wed May 19 15:46:33 2021 SE Asia Standard Time elapsed time: 0.011934 seconds (0d 0h 0m 0s)

---------------  T H R E A D  ---------------

Current thread (0x0000028ac6f32350):  JavaThread "Unknown thread" [_thread_in_vm, id=23148, stack(0x000000fa1de00000,0x000000fa1df00000)]

Stack: [0x000000fa1de00000,0x000000fa1df00000]
Native frames: (J=compiled Java code, j=interpreted, Vv=VM code, C=native code)
V  [jvm.dll+0x62ae9a]
V  [jvm.dll+0x7817a9]
V  [jvm.dll+0x782f03]
V  [jvm.dll+0x783563]
V  [jvm.dll+0x216325]
V  [jvm.dll+0x6281d9]
V  [jvm.dll+0x61cf55]
V  [jvm.dll+0x2cffdd]
V  [jvm.dll+0x2cfe42]
V  [jvm.dll+0x2d5e1c]
V  [jvm.dll+0x32590a]
V  [jvm.dll+0x324fd4]
V  [jvm.dll+0x2a6f5a]
V  [jvm.dll+0x2a80f8]
V  [jvm.dll+0x75e241]
V  [jvm.dll+0x3341c4]
V  [jvm.dll+0x73e926]
V  [jvm.dll+0x3b7557]
V  [jvm.dll+0x3b8fe1]
C  [jli.dll+0x52fb]
C  [ucrtbase.dll+0x210b2]
C  [KERNEL32.DLL+0x17c24]
C  [ntdll.dll+0x6d721]


---------------  P R O C E S S  ---------------

Threads class SMR info:
_java_thread_list=0x00007ffa0a024ff0, length=0, elements={
}

Java Threads: ( => current thread )

Other Threads:
  0x0000028ac6f83160 GCTaskThread "GC Thread#0" [stack: 0x000000fa1df00000,0x000000fa1e000000] [id=23152]
  0x0000028ac6f94b10 ConcurrentGCThread "G1 Main Marker" [stack: 0x000000fa1e000000,0x000000fa1e100000] [id=23156]
  0x0000028ac6f95780 ConcurrentGCThread "G1 Conc#0" [stack: 0x000000fa1e100000,0x000000fa1e200000] [id=23160]

[error occurred during error reporting (printing all threads), id 0xc0000005, EXCEPTION_ACCESS_VIOLATION (0xc0000005) at pc=0x00007ffa09817e27]

VM state: not at safepoint (not fully initialized)

VM Mutex/Monitor currently owned by a thread:  ([mutex/lock_event])
[0x0000028ac6f2dbe0] Heap_lock - owner thread: 0x0000028ac6f32350

Heap address: 0x0000000700c00000, size: 4084 MB, Compressed Oops mode: Zero based, Oop shift amount: 3
CDS archive(s) mapped at: [0x0000000000000000-0x0000000000000000-0x0000000000000000), size 0, SharedBaseAddress: 0x0000000800000000, ArchiveRelocationMode: 0.
Narrow klass base: 0x0000000000000000, Narrow klass shift: 0, Narrow klass range: 0x0

Heap:
 garbage-first heap   total 262144K, used 0K [0x0000000700c00000, 0x0000000800000000)
  region size 2048K, 0 young (0K), 0 survivors (0K)
 Metaspace       used 0K, capacity 0K, committed 0K, reserved 0K
  class space    used 0K, capacity 0K, committed 0K, reserved 0K

Heap Regions: E=young(eden), S=young(survivor), O=old, HS=humongous(starts), HC=humongous(continues), CS=collection set, F=free, OA=open archive, CA=closed archive, TAMS=top-at-mark-start (previous, next)

Card table byte_map: [0x0000028ae0760000,0x0000028ae0f60000] _byte_map_base: 0x0000028adcf5a000

Marking Bits (Prev, Next): (CMBitMap*) 0x0000028ac6f839d0, (CMBitMap*) 0x0000028ac6f83a10
 Prev Bits: [0x0000028ae1760000, 0x0000028ae5730000)
 Next Bits: [0x0000028ae5730000, 0x0000028ae9700000)

GC Heap History (0 events):
No events

Deoptimization events (0 events):
No events

Classes unloaded (0 events):
No events

Classes redefined (0 events):
No events

Internal exceptions (0 events):
No events

Events (1 events):
Event: 0.005 Loaded shared library C:\Program Files\Java\jdk-15.0.2\bin\java.dll


Dynamic libraries:
0x00007ff73b470000 - 0x00007ff73b47f000 	C:\Program Files\Java\jdk-15.0.2\bin\javaw.exe
0x00007ffa69bc0000 - 0x00007ffa69db0000 	C:\Windows\SYSTEM32\ntdll.dll
0x00007ffa68c70000 - 0x00007ffa68d22000 	C:\Windows\System32\KERNEL32.DLL
0x00007ffa67040000 - 0x00007ffa672e5000 	C:\Windows\System32\KERNELBASE.dll
0x00007ffa67b70000 - 0x00007ffa67c6a000 	C:\Windows\System32\ucrtbase.dll
0x00007ffa636a0000 - 0x00007ffa636b8000 	C:\Program Files\Java\jdk-15.0.2\bin\jli.dll
0x00007ffa63680000 - 0x00007ffa63699000 	C:\Program Files\Java\jdk-15.0.2\bin\VCRUNTIME140.dll
0x00007ffa694b0000 - 0x00007ffa69553000 	C:\Windows\System32\ADVAPI32.dll
0x00007ffa68d30000 - 0x00007ffa68dce000 	C:\Windows\System32\msvcrt.dll
0x00007ffa69190000 - 0x00007ffa69227000 	C:\Windows\System32\sechost.dll
0x00007ffa68ff0000 - 0x00007ffa6910f000 	C:\Windows\System32\RPCRT4.dll
0x00007ffa683e0000 - 0x00007ffa68574000 	C:\Windows\System32\USER32.dll
0x00007ffa67b20000 - 0x00007ffa67b41000 	C:\Windows\System32\win32u.dll
0x00007ffa683b0000 - 0x00007ffa683d6000 	C:\Windows\System32\GDI32.dll
0x00007ffa66b30000 - 0x00007ffa66cc8000 	C:\Windows\System32\gdi32full.dll
0x00007ffa57e90000 - 0x00007ffa58114000 	C:\Windows\WinSxS\amd64_microsoft.windows.common-controls_6595b64144ccf1df_6.0.18362.1440_none_9e7dbfb9e45e8e67\COMCTL32.dll
0x00007ffa66d60000 - 0x00007ffa66dfe000 	C:\Windows\System32\msvcp_win.dll
0x00007ffa67fa0000 - 0x00007ffa682d6000 	C:\Windows\System32\combase.dll
0x00007ffa66e00000 - 0x00007ffa66e81000 	C:\Windows\System32\bcryptPrimitives.dll
0x00007ffa626e0000 - 0x00007ffa626ea000 	C:\Windows\SYSTEM32\VERSION.dll
0x00007ffa67c70000 - 0x00007ffa67c9e000 	C:\Windows\System32\IMM32.DLL
0x00007ffa63670000 - 0x00007ffa6367c000 	C:\Program Files\Java\jdk-15.0.2\bin\vcruntime140_1.dll
0x00007ffa2c820000 - 0x00007ffa2c8b1000 	C:\Program Files\Java\jdk-15.0.2\bin\msvcp140.dll
0x00007ffa09560000 - 0x00007ffa0a0be000 	C:\Program Files\Java\jdk-15.0.2\bin\server\jvm.dll
0x00007ffa696a0000 - 0x00007ffa696a8000 	C:\Windows\System32\PSAPI.DLL
0x00007ffa5f7a0000 - 0x00007ffa5f7c4000 	C:\Windows\SYSTEM32\WINMM.dll
0x00007ffa62e70000 - 0x00007ffa62e79000 	C:\Windows\SYSTEM32\WSOCK32.dll
0x00007ffa693c0000 - 0x00007ffa6942f000 	C:\Windows\System32\WS2_32.dll
0x00007ffa5f770000 - 0x00007ffa5f79d000 	C:\Windows\SYSTEM32\WINMMBASE.dll
0x00007ffa66ff0000 - 0x00007ffa6703a000 	C:\Windows\System32\cfgmgr32.dll
0x00007ffa66a80000 - 0x00007ffa66a91000 	C:\Windows\System32\kernel.appcore.dll
0x00007ffa622f0000 - 0x00007ffa622fa000 	C:\Program Files\Java\jdk-15.0.2\bin\jimage.dll
0x00007ffa58430000 - 0x00007ffa58624000 	C:\Windows\SYSTEM32\DBGHELP.DLL
0x00007ffa57c60000 - 0x00007ffa57c8a000 	C:\Windows\SYSTEM32\dbgcore.DLL
0x00007ffa5c1b0000 - 0x00007ffa5c1d5000 	C:\Program Files\Java\jdk-15.0.2\bin\java.dll

dbghelp: loaded successfully - version: 4.0.5 - missing functions: none
symbol engine: initialized successfully - sym options: 0x614 - pdb path: .;C:\Program Files\Java\jdk-15.0.2\bin;C:\Windows\SYSTEM32;C:\Windows\WinSxS\amd64_microsoft.windows.common-controls_6595b64144ccf1df_6.0.18362.1440_none_9e7dbfb9e45e8e67;C:\Program Files\Java\jdk-15.0.2\bin\server

VM Arguments:
jvm_args: --module-path=D:\javafx-sdk-11.0.2\lib --add-modules=javafx.controls,javafx.graphics,javafx.media,javafx.fxml -Dfile.encoding=Cp1252 -XX:+ShowCodeDetailsInExceptionMessages 
java_command: application.Main
java_class_path (initial): D:\eclipse-workspace\Plant_Army\bin
Launcher Type: SUN_STANDARD

[Global flags]
     intx CICompilerCount                          = 3                                         {product} {ergonomic}
     uint ConcGCThreads                            = 1                                         {product} {ergonomic}
     uint G1ConcRefinementThreads                  = 4                                         {product} {ergonomic}
   size_t G1HeapRegionSize                         = 2097152                                   {product} {ergonomic}
    uintx GCDrainStackTargetSize                   = 64                                        {product} {ergonomic}
   size_t InitialHeapSize                          = 268435456                                 {product} {ergonomic}
   size_t MarkStackSize                            = 4194304                                   {product} {ergonomic}
   size_t MaxHeapSize                              = 4282384384                                {product} {ergonomic}
   size_t MinHeapDeltaBytes                        = 2097152                                   {product} {ergonomic}
   size_t MinHeapSize                              = 8388608                                   {product} {ergonomic}
    uintx NonNMethodCodeHeapSize                   = 5832780                                {pd product} {ergonomic}
    uintx NonProfiledCodeHeapSize                  = 122912730                              {pd product} {ergonomic}
    uintx ProfiledCodeHeapSize                     = 122912730                              {pd product} {ergonomic}
    uintx ReservedCodeCacheSize                    = 251658240                              {pd product} {ergonomic}
     bool SegmentedCodeCache                       = true                                      {product} {ergonomic}
     bool ShowCodeDetailsInExceptionMessages       = true                                   {manageable} {command line}
   size_t SoftMaxHeapSize                          = 4282384384                             {manageable} {ergonomic}
     bool UseCompressedClassPointers               = true                                 {lp64_product} {ergonomic}
     bool UseCompressedOops                        = true                                 {lp64_product} {ergonomic}
     bool UseG1GC                                  = true                                      {product} {ergonomic}
     bool UseLargePagesIndividualAllocation        = false                                  {pd product} {ergonomic}

Logging:
Log output configuration:
 #0: stdout all=warning uptime,level,tags
 #1: stderr all=off uptime,level,tags

Environment Variables:
PATH=C:/Program Files/Java/jdk-15.0.2/bin/server;C:/Program Files/Java/jdk-15.0.2/bin;C:\Program Files\Java\jdk-15.0.2\bin;C:\Program Files (x86)\Common Files\Oracle\Java\javapath;C:\ProgramData\Oracle\Java\javapath;C:\Program Files\Common Files\Oracle\Java\javapath;C:\Windows\system32;C:\Windows;C:\Windows\System32\Wbem;C:\Windows\System32\WindowsPowerShell\v1.0\;C:\Windows\System32\OpenSSH\;C:\Program Files (x86)\NVIDIA Corporation\PhysX\Common;C:\Program Files\NVIDIA Corporation\NVIDIA NvDLISR;C:\ffmpeg\bin;C:\Program Files\Aegisub\automation\autoload\bin;C:\Program Files\Git\cmd;C:\Program Files\Aegisub\automation\autoload\bin;C:\Users\Administrator\AppData\Local\Programs\Microsoft VS Code\bin;C:\Users\Administrator\Desktop;
USERNAME=Administrator
OS=Windows_NT
PROCESSOR_IDENTIFIER=Intel64 Family 6 Model 60 Stepping 3, GenuineIntel



---------------  S Y S T E M  ---------------

OS:
 Windows 10 , 64 bit Build 18362 (10.0.18362.1350)
OS uptime: 0 days 3:00 hours

CPU: total 4 (initial active 4) (4 cores per cpu, 1 threads per core) family 6 model 60 stepping 3 microcode 0x27, cmov, cx8, fxsr, mmx, sse, sse2, sse3, ssse3, sse4.1, sse4.2, popcnt, vzeroupper, avx, avx2, aes, clmul, erms, lzcnt, tsc, tscinvbit, bmi1, bmi2, fma, clflush

Memory: 4k page, system-wide physical 16328M (4766M free)
TotalPageFile size 30408M (AvailPageFile size 174M)
current process WorkingSet (physical memory assigned to process): 10M, peak: 10M
current process commit charge ("private bytes"): 52M, peak: 308M

vm_info: Java HotSpot(TM) 64-Bit Server VM (15.0.2+7-27) for windows-amd64 JRE (15.0.2+7-27), built on Dec  7 2020 20:07:01 by "mach5one" with unknown MS VC++:1925

END.
